  [1m[35m (284.9ms)[0m  [1m[35mCREATE DATABASE "AdTube_development" ENCODING = 'unicode'[0m
  ↳ bin/rails:9
  [1m[35m (284.0ms)[0m  [1m[35mCREATE DATABASE "AdTube_test" ENCODING = 'unicode'[0m
  ↳ bin/rails:9
  [1m[35m (9.4ms)[0m  [1m[35mCREATE TABLE "schema_migrations" ("version" character varying NOT NULL PRIMARY KEY)[0m
  ↳ bin/rails:9
  [1m[35m (7.5ms)[0m  [1m[35mCREATE TABLE "ar_internal_metadata" ("key" character varying NOT NULL PRIMARY KEY, "value" character varying, "created_at" timestamp NOT NULL, "updated_at" timestamp NOT NULL)[0m
  ↳ bin/rails:9
  [1m[35m (0.1ms)[0m  [1m[34mSELECT pg_try_advisory_lock(4419996559370574735)[0m
  ↳ bin/rails:9
  [1m[35m (0.3ms)[0m  [1m[34mSELECT "schema_migrations"."version" FROM "schema_migrations" ORDER BY "schema_migrations"."version" ASC[0m
  ↳ bin/rails:9
Migrating to CreateUsers (20200303195610)
  [1m[35m (0.1ms)[0m  [1m[35mBEGIN[0m
  ↳ bin/rails:9
  [1m[35m (6.4ms)[0m  [1m[35mCREATE TABLE "users" ("id" bigserial primary key, "username" character varying NOT NULL, "password_digest" character varying NOT NULL, "session_token" character varying NOT NULL, "created_at" timestamp NOT NULL, "updated_at" timestamp NOT NULL)[0m
  ↳ db/migrate/20200303195610_create_users.rb:3
  [1m[36mActiveRecord::SchemaMigration Create (0.2ms)[0m  [1m[32mINSERT INTO "schema_migrations" ("version") VALUES ($1) RETURNING "version"[0m  [["version", "20200303195610"]]
  ↳ bin/rails:9
  [1m[35m (1.5ms)[0m  [1m[35mCOMMIT[0m
  ↳ bin/rails:9
  [1m[36mActiveRecord::InternalMetadata Load (0.8ms)[0m  [1m[34mSELECT  "ar_internal_metadata".* FROM "ar_internal_metadata" WHERE "ar_internal_metadata"."key" = $1 LIMIT $2[0m  [["key", "environment"], ["LIMIT", 1]]
  ↳ bin/rails:9
  [1m[35m (0.1ms)[0m  [1m[35mBEGIN[0m
  ↳ bin/rails:9
  [1m[36mActiveRecord::InternalMetadata Create (0.3ms)[0m  [1m[32mINSERT INTO "ar_internal_metadata" ("key", "value", "created_at", "updated_at") VALUES ($1, $2, $3, $4) RETURNING "key"[0m  [["key", "environment"], ["value", "development"], ["created_at", "2020-03-03 20:20:18.022948"], ["updated_at", "2020-03-03 20:20:18.022948"]]
  ↳ bin/rails:9
  [1m[35m (1.5ms)[0m  [1m[35mCOMMIT[0m
  ↳ bin/rails:9
  [1m[35m (0.5ms)[0m  [1m[34mSELECT pg_advisory_unlock(4419996559370574735)[0m
  ↳ bin/rails:9
  [1m[35m (0.6ms)[0m  [1m[34mSELECT "schema_migrations"."version" FROM "schema_migrations" ORDER BY "schema_migrations"."version" ASC[0m
  ↳ bin/rails:9
Started GET "/" for ::1 at 2020-03-03 13:31:50 -0800
  [1m[35m (0.4ms)[0m  [1m[34mSELECT "schema_migrations"."version" FROM "schema_migrations" ORDER BY "schema_migrations"."version" ASC[0m
  ↳ /home/brad/.rbenv/versions/2.5.1/lib/ruby/gems/2.5.0/gems/activerecord-5.2.4.1/lib/active_record/log_subscriber.rb:98
Processing by Rails::WelcomeController#index as HTML
  Rendering /home/brad/.rbenv/versions/2.5.1/lib/ruby/gems/2.5.0/gems/railties-5.2.4.1/lib/rails/templates/rails/welcome/index.html.erb
  Rendered /home/brad/.rbenv/versions/2.5.1/lib/ruby/gems/2.5.0/gems/railties-5.2.4.1/lib/rails/templates/rails/welcome/index.html.erb (2.2ms)
Completed 200 OK in 6ms (Views: 4.7ms | ActiveRecord: 0.0ms)


  [1m[35m (0.2ms)[0m  [1m[34mSELECT pg_try_advisory_lock(4419996559370574735)[0m
  ↳ bin/rails:9
  [1m[35m (0.3ms)[0m  [1m[34mSELECT "schema_migrations"."version" FROM "schema_migrations" ORDER BY "schema_migrations"."version" ASC[0m
  ↳ bin/rails:9
Migrating to AddEmailToUsers (20200303231849)
  [1m[35m (0.1ms)[0m  [1m[35mBEGIN[0m
  ↳ bin/rails:9
  [1m[35m (0.3ms)[0m  [1m[35mALTER TABLE "users" ADD "email" character varying NOT NULL[0m
  ↳ db/migrate/20200303231849_add_email_to_users.rb:3
  [1m[36mActiveRecord::SchemaMigration Create (0.2ms)[0m  [1m[32mINSERT INTO "schema_migrations" ("version") VALUES ($1) RETURNING "version"[0m  [["version", "20200303231849"]]
  ↳ bin/rails:9
  [1m[35m (2.8ms)[0m  [1m[35mCOMMIT[0m
  ↳ bin/rails:9
  [1m[36mActiveRecord::InternalMetadata Load (0.1ms)[0m  [1m[34mSELECT  "ar_internal_metadata".* FROM "ar_internal_metadata" WHERE "ar_internal_metadata"."key" = $1 LIMIT $2[0m  [["key", "environment"], ["LIMIT", 1]]
  ↳ bin/rails:9
  [1m[35m (0.1ms)[0m  [1m[35mBEGIN[0m
  ↳ bin/rails:9
  [1m[35m (0.2ms)[0m  [1m[35mCOMMIT[0m
  ↳ bin/rails:9
  [1m[35m (0.2ms)[0m  [1m[34mSELECT pg_advisory_unlock(4419996559370574735)[0m
  ↳ bin/rails:9
  [1m[35m (0.2ms)[0m  [1m[34mSELECT "schema_migrations"."version" FROM "schema_migrations" ORDER BY "schema_migrations"."version" ASC[0m
  ↳ bin/rails:9
  [1m[35m (0.3ms)[0m  [1m[34mSELECT "schema_migrations"."version" FROM "schema_migrations" ORDER BY "schema_migrations"."version" ASC[0m
  ↳ bin/rails:9
Started GET "/" for ::1 at 2020-03-03 16:15:19 -0800
  [1m[35m (0.5ms)[0m  [1m[34mSELECT "schema_migrations"."version" FROM "schema_migrations" ORDER BY "schema_migrations"."version" ASC[0m
  ↳ /home/brad/.rbenv/versions/2.5.1/lib/ruby/gems/2.5.0/gems/activerecord-5.2.4.1/lib/active_record/log_subscriber.rb:98
Processing by StaticPagesController#root as HTML
  Rendering static_pages/root.html.erb within layouts/application
  Rendered static_pages/root.html.erb within layouts/application (0.2ms)
Completed 200 OK in 1249ms (Views: 1248.2ms | ActiveRecord: 0.0ms)


  [1m[35m (0.3ms)[0m  [1m[34mSELECT "schema_migrations"."version" FROM "schema_migrations" ORDER BY "schema_migrations"."version" ASC[0m
  ↳ /home/brad/.rbenv/versions/2.5.1/bin/annotate:23
Started GET "/" for ::1 at 2020-03-03 17:06:38 -0800
Processing by StaticPagesController#root as HTML
  Rendering static_pages/root.html.erb within layouts/application
  Rendered static_pages/root.html.erb within layouts/application (0.4ms)
Completed 200 OK in 226ms (Views: 225.5ms | ActiveRecord: 0.0ms)


Started GET "/" for ::1 at 2020-03-03 17:10:14 -0800
Processing by StaticPagesController#root as HTML
  Rendering static_pages/root.html.erb within layouts/application
  Rendered static_pages/root.html.erb within layouts/application (0.6ms)
Completed 200 OK in 30ms (Views: 29.3ms | ActiveRecord: 0.0ms)


Started GET "/" for ::1 at 2020-03-03 17:45:32 -0800
Processing by StaticPagesController#root as HTML
  Rendering static_pages/root.html.erb within layouts/application
  Rendered static_pages/root.html.erb within layouts/application (0.2ms)
Completed 200 OK in 212ms (Views: 211.5ms | ActiveRecord: 0.0ms)


Started GET "/" for ::1 at 2020-03-03 17:47:38 -0800
Processing by StaticPagesController#root as HTML
  Rendering static_pages/root.html.erb within layouts/application
  Rendered static_pages/root.html.erb within layouts/application (0.6ms)
Completed 200 OK in 250ms (Views: 247.6ms | ActiveRecord: 0.0ms)


Started POST "/api/session" for ::1 at 2020-03-03 18:09:22 -0800
Processing by Api::SessionsController#create as */*
  Parameters: {"user"=>"brad", "formats"=>:json}
Completed 500 Internal Server Error in 78ms (ActiveRecord: 0.0ms)



NameError - undefined local variable or method `user' for #<Api::SessionsController:0x00007f24812b8890>:
  app/controllers/api/sessions_controller.rb:4:in `create'

Started POST "/api/user" for ::1 at 2020-03-03 18:13:19 -0800
Processing by Api::UsersController#create as */*
  Parameters: {"user"=>"brad", "formats"=>:json}
Completed 500 Internal Server Error in 2ms (ActiveRecord: 0.0ms)



SyntaxError - syntax error, unexpected ':', expecting keyword_end
...  user.is_password?(password) : user ? nil
...                              ^
/home/brad/Desktop/AdTube/app/models/user.rb:27: syntax error, unexpected keyword_end, expecting ':'
    end
    ^~~
/home/brad/Desktop/AdTube/app/models/user.rb:58: syntax error, unexpected end-of-input, expecting keyword_end:
  app/models/user.rb:26:in `'
  app/controllers/api/users_controller.rb:4:in `create'

Started POST "/api/user" for ::1 at 2020-03-03 18:14:43 -0800
Processing by Api::UsersController#create as */*
  Parameters: {"user"=>"brad", "formats"=>:json}
Completed 500 Internal Server Error in 2ms (ActiveRecord: 0.0ms)



SyntaxError - syntax error, unexpected ':', expecting keyword_end
...  user.is_password?(password) : user ? nil
...                              ^
/home/brad/Desktop/AdTube/app/models/user.rb:27: syntax error, unexpected keyword_end, expecting ':'
    end
    ^~~
/home/brad/Desktop/AdTube/app/models/user.rb:58: syntax error, unexpected end-of-input, expecting keyword_end:
  app/models/user.rb:26:in `'
  app/controllers/api/users_controller.rb:4:in `create'

Started GET "/" for ::1 at 2020-03-03 18:14:48 -0800
Processing by StaticPagesController#root as HTML
  Rendering static_pages/root.html.erb within layouts/application
  Rendered static_pages/root.html.erb within layouts/application (0.6ms)
Completed 200 OK in 39ms (Views: 37.8ms | ActiveRecord: 0.0ms)


Started POST "/api/user" for ::1 at 2020-03-03 18:14:51 -0800
Processing by Api::UsersController#create as */*
  Parameters: {"user"=>"brad", "formats"=>:json}
Completed 500 Internal Server Error in 2ms (ActiveRecord: 0.0ms)



SyntaxError - syntax error, unexpected ':', expecting keyword_end
...  user.is_password?(password) : user ? nil
...                              ^
/home/brad/Desktop/AdTube/app/models/user.rb:27: syntax error, unexpected keyword_end, expecting ':'
    end
    ^~~
/home/brad/Desktop/AdTube/app/models/user.rb:58: syntax error, unexpected end-of-input, expecting keyword_end:
  app/models/user.rb:26:in `'
  app/controllers/api/users_controller.rb:4:in `create'

Started GET "/" for ::1 at 2020-03-03 18:18:15 -0800
Processing by StaticPagesController#root as HTML
  Rendering static_pages/root.html.erb within layouts/application
  Rendered static_pages/root.html.erb within layouts/application (0.2ms)
Completed 200 OK in 16ms (Views: 15.4ms | ActiveRecord: 0.0ms)


Started POST "/api/user" for ::1 at 2020-03-03 18:18:16 -0800
Processing by Api::UsersController#create as */*
  Parameters: {"user"=>"brad", "formats"=>:json}
Completed 500 Internal Server Error in 3ms (ActiveRecord: 0.0ms)



NoMethodError - undefined method `permit' for "brad":String:
  app/controllers/api/users_controller.rb:15:in `user_params'
  app/controllers/api/users_controller.rb:4:in `create'

Started GET "/" for ::1 at 2020-03-03 18:19:06 -0800
Processing by StaticPagesController#root as HTML
  Rendering static_pages/root.html.erb within layouts/application
  Rendered static_pages/root.html.erb within layouts/application (0.3ms)
Completed 200 OK in 16ms (Views: 15.8ms | ActiveRecord: 0.0ms)


Started POST "/api/user" for ::1 at 2020-03-03 18:19:09 -0800
Processing by Api::UsersController#create as */*
  Parameters: {"user"=>"brad", "formats"=>:json}
Completed 500 Internal Server Error in 3ms (ActiveRecord: 0.0ms)



NoMethodError - undefined method `permit' for "brad":String:
  app/controllers/application_controller.rb:24:in `user_params'
  app/controllers/api/users_controller.rb:4:in `create'

Started POST "/api/user" for ::1 at 2020-03-03 18:19:47 -0800
Processing by Api::UsersController#create as */*
  Parameters: {"user"=>"brad", "formats"=>:json}
Completed 500 Internal Server Error in 3ms (ActiveRecord: 0.0ms)



NoMethodError - undefined method `permit' for "brad":String:
  app/controllers/api/users_controller.rb:15:in `user_params'
  app/controllers/api/users_controller.rb:4:in `create'

Started GET "/" for ::1 at 2020-03-03 18:19:56 -0800
Processing by StaticPagesController#root as HTML
  Rendering static_pages/root.html.erb within layouts/application
  Rendered static_pages/root.html.erb within layouts/application (0.8ms)
Completed 200 OK in 35ms (Views: 33.1ms | ActiveRecord: 0.0ms)


Started POST "/api/user" for ::1 at 2020-03-03 18:19:59 -0800
Processing by Api::UsersController#create as */*
  Parameters: {"user"=>"brad", "formats"=>:json}
Completed 500 Internal Server Error in 2ms (ActiveRecord: 0.0ms)



NoMethodError - undefined method `permit' for "brad":String:
  app/controllers/api/users_controller.rb:15:in `user_params'
  app/controllers/api/users_controller.rb:4:in `create'

Started GET "/" for ::1 at 2020-03-03 20:09:29 -0800
Processing by StaticPagesController#root as HTML
  Rendering static_pages/root.html.erb within layouts/application
  Rendered static_pages/root.html.erb within layouts/application (0.4ms)
Completed 200 OK in 37ms (Views: 35.4ms | ActiveRecord: 0.0ms)


Started POST "/api/user" for ::1 at 2020-03-03 20:09:32 -0800
Processing by Api::UsersController#create as */*
  Parameters: {"user"=>"brad", "formats"=>:json}
Completed 500 Internal Server Error in 10ms (ActiveRecord: 0.0ms)



NoMethodError - undefined method `permit' for "brad":String:
  app/controllers/api/users_controller.rb:15:in `user_params'
  app/controllers/api/users_controller.rb:4:in `create'

Started GET "/" for ::1 at 2020-03-03 20:11:51 -0800
Processing by StaticPagesController#root as HTML
  Rendering static_pages/root.html.erb within layouts/application
  Rendered static_pages/root.html.erb within layouts/application (0.7ms)
Completed 200 OK in 40ms (Views: 37.4ms | ActiveRecord: 0.0ms)


Started POST "/api/user" for ::1 at 2020-03-03 20:12:03 -0800
Processing by Api::UsersController#create as */*
  Parameters: {"user"=>"brad", "formats"=>:json}
Completed 500 Internal Server Error in 5ms (ActiveRecord: 0.0ms)



NoMethodError - undefined method `permit' for "brad":String:
  app/controllers/api/users_controller.rb:15:in `user_params'
  app/controllers/api/users_controller.rb:4:in `create'

Started GET "/" for ::1 at 2020-03-03 20:18:41 -0800
Processing by StaticPagesController#root as HTML
  Rendering static_pages/root.html.erb within layouts/application
  Rendered static_pages/root.html.erb within layouts/application (0.5ms)
Completed 200 OK in 37ms (Views: 36.4ms | ActiveRecord: 0.0ms)


Started POST "/api/user" for ::1 at 2020-03-03 20:18:43 -0800
Processing by Api::UsersController#create as */*
  Parameters: {"user"=>"brad", "formats"=>:json}
Completed 500 Internal Server Error in 7ms (ActiveRecord: 0.0ms)



NoMethodError - undefined method `permit' for "brad":String:
  app/controllers/api/users_controller.rb:15:in `user_params'
  app/controllers/api/users_controller.rb:4:in `create'

Started GET "/" for ::1 at 2020-03-04 09:19:26 -0800
  [1m[35m (1.2ms)[0m  [1m[34mSELECT "schema_migrations"."version" FROM "schema_migrations" ORDER BY "schema_migrations"."version" ASC[0m
  ↳ /home/brad/.rbenv/versions/2.5.1/lib/ruby/gems/2.5.0/gems/activerecord-5.2.4.1/lib/active_record/log_subscriber.rb:98
Processing by StaticPagesController#root as HTML
  Rendering static_pages/root.html.erb within layouts/application
  Rendered static_pages/root.html.erb within layouts/application (0.6ms)
Completed 200 OK in 684ms (Views: 683.5ms | ActiveRecord: 0.0ms)


Started GET "/" for ::1 at 2020-03-04 10:05:40 -0800
Processing by StaticPagesController#root as HTML
  Rendering static_pages/root.html.erb within layouts/application
  Rendered static_pages/root.html.erb within layouts/application (0.6ms)
Completed 200 OK in 34ms (Views: 33.2ms | ActiveRecord: 0.0ms)


Started GET "/" for ::1 at 2020-03-04 10:05:42 -0800
Processing by StaticPagesController#root as HTML
  Rendering static_pages/root.html.erb within layouts/application
  Rendered static_pages/root.html.erb within layouts/application (0.9ms)
Completed 200 OK in 32ms (Views: 30.4ms | ActiveRecord: 0.0ms)


Started GET "/" for ::1 at 2020-03-04 10:31:38 -0800
Processing by StaticPagesController#root as HTML
  Rendering static_pages/root.html.erb within layouts/application
  Rendered static_pages/root.html.erb within layouts/application (0.6ms)
Completed 200 OK in 249ms (Views: 247.9ms | ActiveRecord: 0.0ms)


Started GET "/" for ::1 at 2020-03-04 10:32:06 -0800
Processing by StaticPagesController#root as HTML
  Rendering static_pages/root.html.erb within layouts/application
  Rendered static_pages/root.html.erb within layouts/application (0.5ms)
Completed 200 OK in 40ms (Views: 38.9ms | ActiveRecord: 0.0ms)


Started GET "/" for ::1 at 2020-03-04 10:34:34 -0800
Processing by StaticPagesController#root as HTML
  Rendering static_pages/root.html.erb within layouts/application
  Rendered static_pages/root.html.erb within layouts/application (0.6ms)
Completed 200 OK in 227ms (Views: 224.9ms | ActiveRecord: 0.0ms)


Started GET "/" for ::1 at 2020-03-04 10:35:05 -0800
Processing by StaticPagesController#root as HTML
  Rendering static_pages/root.html.erb within layouts/application
  Rendered static_pages/root.html.erb within layouts/application (0.2ms)
Completed 200 OK in 210ms (Views: 209.1ms | ActiveRecord: 0.0ms)


Started GET "/" for ::1 at 2020-03-04 10:35:37 -0800
Processing by StaticPagesController#root as HTML
  Rendering static_pages/root.html.erb within layouts/application
  Rendered static_pages/root.html.erb within layouts/application (1.5ms)
Completed 200 OK in 45ms (Views: 43.5ms | ActiveRecord: 0.0ms)


Started GET "/" for ::1 at 2020-03-04 10:39:00 -0800
Processing by StaticPagesController#root as HTML
  Rendering static_pages/root.html.erb within layouts/application
  Rendered static_pages/root.html.erb within layouts/application (0.5ms)
Completed 200 OK in 41ms (Views: 39.7ms | ActiveRecord: 0.0ms)


Started GET "/" for ::1 at 2020-03-04 10:39:59 -0800
Processing by StaticPagesController#root as HTML
  Rendering static_pages/root.html.erb within layouts/application
  Rendered static_pages/root.html.erb within layouts/application (0.2ms)
Completed 200 OK in 20ms (Views: 19.0ms | ActiveRecord: 0.0ms)


Started GET "/" for ::1 at 2020-03-04 10:40:30 -0800
Processing by StaticPagesController#root as HTML
  Rendering static_pages/root.html.erb within layouts/application
  Rendered static_pages/root.html.erb within layouts/application (0.6ms)
Completed 200 OK in 47ms (Views: 45.8ms | ActiveRecord: 0.0ms)


Started GET "/" for ::1 at 2020-03-04 10:42:15 -0800
Processing by StaticPagesController#root as HTML
  Rendering static_pages/root.html.erb within layouts/application
  Rendered static_pages/root.html.erb within layouts/application (0.3ms)
Completed 200 OK in 215ms (Views: 214.3ms | ActiveRecord: 0.0ms)


Started GET "/" for ::1 at 2020-03-04 10:42:16 -0800
Processing by StaticPagesController#root as HTML
  Rendering static_pages/root.html.erb within layouts/application
  Rendered static_pages/root.html.erb within layouts/application (0.7ms)
Completed 200 OK in 34ms (Views: 32.4ms | ActiveRecord: 0.0ms)


Started GET "/" for ::1 at 2020-03-04 10:44:28 -0800
Processing by StaticPagesController#root as HTML
  Rendering static_pages/root.html.erb within layouts/application
  Rendered static_pages/root.html.erb within layouts/application (0.6ms)
Completed 200 OK in 283ms (Views: 281.9ms | ActiveRecord: 0.0ms)


Started GET "/" for ::1 at 2020-03-04 10:50:42 -0800
Processing by StaticPagesController#root as HTML
  Rendering static_pages/root.html.erb within layouts/application
  Rendered static_pages/root.html.erb within layouts/application (0.4ms)
Completed 200 OK in 15ms (Views: 14.9ms | ActiveRecord: 0.0ms)


Started GET "/" for ::1 at 2020-03-04 10:50:59 -0800
Processing by StaticPagesController#root as HTML
  Rendering static_pages/root.html.erb within layouts/application
  Rendered static_pages/root.html.erb within layouts/application (0.2ms)
Completed 200 OK in 287ms (Views: 285.9ms | ActiveRecord: 0.0ms)


Started GET "/" for ::1 at 2020-03-04 10:51:51 -0800
Processing by StaticPagesController#root as HTML
  Rendering static_pages/root.html.erb within layouts/application
  Rendered static_pages/root.html.erb within layouts/application (0.4ms)
Completed 200 OK in 251ms (Views: 250.1ms | ActiveRecord: 0.0ms)


Started GET "/" for ::1 at 2020-03-04 10:54:29 -0800
Processing by StaticPagesController#root as HTML
  Rendering static_pages/root.html.erb within layouts/application
  Rendered static_pages/root.html.erb within layouts/application (0.3ms)
Completed 200 OK in 257ms (Views: 256.2ms | ActiveRecord: 0.0ms)


Started GET "/" for ::1 at 2020-03-04 10:55:16 -0800
Processing by StaticPagesController#root as HTML
  Rendering static_pages/root.html.erb within layouts/application
  Rendered static_pages/root.html.erb within layouts/application (0.8ms)
Completed 200 OK in 294ms (Views: 292.2ms | ActiveRecord: 0.0ms)


Started GET "/" for ::1 at 2020-03-04 10:57:22 -0800
Processing by StaticPagesController#root as HTML
  Rendering static_pages/root.html.erb within layouts/application
  Rendered static_pages/root.html.erb within layouts/application (0.5ms)
Completed 200 OK in 315ms (Views: 314.2ms | ActiveRecord: 0.0ms)


Started GET "/" for ::1 at 2020-03-04 11:02:54 -0800
Processing by StaticPagesController#root as HTML
  Rendering static_pages/root.html.erb within layouts/application
  Rendered static_pages/root.html.erb within layouts/application (0.2ms)
Completed 200 OK in 243ms (Views: 242.3ms | ActiveRecord: 0.0ms)


Started GET "/" for ::1 at 2020-03-04 11:03:08 -0800
Processing by StaticPagesController#root as HTML
  Rendering static_pages/root.html.erb within layouts/application
  Rendered static_pages/root.html.erb within layouts/application (0.7ms)
Completed 200 OK in 328ms (Views: 326.9ms | ActiveRecord: 0.0ms)


Started GET "/" for ::1 at 2020-03-04 11:27:18 -0800
Processing by StaticPagesController#root as HTML
  Rendering static_pages/root.html.erb within layouts/application
  Rendered static_pages/root.html.erb within layouts/application (0.5ms)
Completed 200 OK in 257ms (Views: 255.9ms | ActiveRecord: 0.0ms)


Started GET "/" for ::1 at 2020-03-04 11:27:47 -0800
Processing by StaticPagesController#root as HTML
  Rendering static_pages/root.html.erb within layouts/application
  Rendered static_pages/root.html.erb within layouts/application (0.6ms)
Completed 200 OK in 271ms (Views: 269.8ms | ActiveRecord: 0.0ms)


Started GET "/" for ::1 at 2020-03-04 11:28:04 -0800
Processing by StaticPagesController#root as HTML
  Rendering static_pages/root.html.erb within layouts/application
  Rendered static_pages/root.html.erb within layouts/application (0.6ms)
Completed 200 OK in 39ms (Views: 37.8ms | ActiveRecord: 0.0ms)


Started GET "/" for ::1 at 2020-03-04 11:28:27 -0800
Processing by StaticPagesController#root as HTML
  Rendering static_pages/root.html.erb within layouts/application
  Rendered static_pages/root.html.erb within layouts/application (0.6ms)
Completed 200 OK in 41ms (Views: 39.9ms | ActiveRecord: 0.0ms)


Started GET "/" for ::1 at 2020-03-04 11:32:28 -0800
Processing by StaticPagesController#root as HTML
  Rendering static_pages/root.html.erb within layouts/application
  Rendered static_pages/root.html.erb within layouts/application (0.6ms)
Completed 200 OK in 276ms (Views: 274.7ms | ActiveRecord: 0.0ms)


Started GET "/" for ::1 at 2020-03-04 11:34:22 -0800
Processing by StaticPagesController#root as HTML
  Rendering static_pages/root.html.erb within layouts/application
  Rendered static_pages/root.html.erb within layouts/application (0.6ms)
Completed 200 OK in 261ms (Views: 259.5ms | ActiveRecord: 0.0ms)


Started GET "/" for ::1 at 2020-03-04 11:34:34 -0800
Processing by StaticPagesController#root as HTML
  Rendering static_pages/root.html.erb within layouts/application
  Rendered static_pages/root.html.erb within layouts/application (1.0ms)
Completed 200 OK in 40ms (Views: 38.5ms | ActiveRecord: 0.0ms)


Started GET "/signin" for ::1 at 2020-03-04 11:36:12 -0800
  
ActionController::RoutingError (No route matches [GET] "/signin"):
  
actionpack (5.2.4.1) lib/action_dispatch/middleware/debug_exceptions.rb:65:in `call'
web-console (3.7.0) lib/web_console/middleware.rb:135:in `call_app'
web-console (3.7.0) lib/web_console/middleware.rb:30:in `block in call'
web-console (3.7.0) lib/web_console/middleware.rb:20:in `catch'
web-console (3.7.0) lib/web_console/middleware.rb:20:in `call'
actionpack (5.2.4.1) lib/action_dispatch/middleware/show_exceptions.rb:33:in `call'
railties (5.2.4.1) lib/rails/rack/logger.rb:38:in `call_app'
railties (5.2.4.1) lib/rails/rack/logger.rb:26:in `block in call'
activesupport (5.2.4.1) lib/active_support/tagged_logging.rb:71:in `block in tagged'
activesupport (5.2.4.1) lib/active_support/tagged_logging.rb:28:in `tagged'
activesupport (5.2.4.1) lib/active_support/tagged_logging.rb:71:in `tagged'
railties (5.2.4.1) lib/rails/rack/logger.rb:26:in `call'
sprockets-rails (3.2.1) lib/sprockets/rails/quiet_assets.rb:13:in `call'
actionpack (5.2.4.1) lib/action_dispatch/middleware/remote_ip.rb:81:in `call'
actionpack (5.2.4.1) lib/action_dispatch/middleware/request_id.rb:27:in `call'
rack (2.2.2) lib/rack/method_override.rb:24:in `call'
rack (2.2.2) lib/rack/runtime.rb:22:in `call'
activesupport (5.2.4.1) lib/active_support/cache/strategy/local_cache_middleware.rb:29:in `call'
actionpack (5.2.4.1) lib/action_dispatch/middleware/executor.rb:14:in `call'
actionpack (5.2.4.1) lib/action_dispatch/middleware/static.rb:127:in `call'
rack (2.2.2) lib/rack/sendfile.rb:110:in `call'
railties (5.2.4.1) lib/rails/engine.rb:524:in `call'
puma (3.12.4) lib/puma/configuration.rb:227:in `call'
puma (3.12.4) lib/puma/server.rb:675:in `handle_request'
puma (3.12.4) lib/puma/server.rb:476:in `process_client'
puma (3.12.4) lib/puma/server.rb:334:in `block in run'
puma (3.12.4) lib/puma/thread_pool.rb:135:in `block in spawn_thread'
Started GET "/" for ::1 at 2020-03-04 11:43:59 -0800
Processing by StaticPagesController#root as HTML
  Rendering static_pages/root.html.erb within layouts/application
  Rendered static_pages/root.html.erb within layouts/application (0.4ms)
Completed 200 OK in 268ms (Views: 267.2ms | ActiveRecord: 0.0ms)


Started GET "/" for ::1 at 2020-03-04 11:53:25 -0800
Processing by StaticPagesController#root as HTML
  Rendering static_pages/root.html.erb within layouts/application
  Rendered static_pages/root.html.erb within layouts/application (0.7ms)
Completed 200 OK in 43ms (Views: 41.4ms | ActiveRecord: 0.0ms)


Started GET "/" for ::1 at 2020-03-04 11:53:27 -0800
Processing by StaticPagesController#root as HTML
  Rendering static_pages/root.html.erb within layouts/application
  Rendered static_pages/root.html.erb within layouts/application (0.6ms)
Completed 200 OK in 51ms (Views: 49.9ms | ActiveRecord: 0.0ms)


Started GET "/" for ::1 at 2020-03-04 11:53:31 -0800
Processing by StaticPagesController#root as HTML
  Rendering static_pages/root.html.erb within layouts/application
  Rendered static_pages/root.html.erb within layouts/application (0.2ms)
Completed 200 OK in 20ms (Views: 19.2ms | ActiveRecord: 0.0ms)


Started GET "/" for ::1 at 2020-03-04 11:53:45 -0800
Processing by StaticPagesController#root as HTML
  Rendering static_pages/root.html.erb within layouts/application
  Rendered static_pages/root.html.erb within layouts/application (0.5ms)
Completed 200 OK in 246ms (Views: 244.5ms | ActiveRecord: 0.0ms)


Started GET "/" for ::1 at 2020-03-04 11:53:47 -0800
Processing by StaticPagesController#root as HTML
  Rendering static_pages/root.html.erb within layouts/application
  Rendered static_pages/root.html.erb within layouts/application (0.7ms)
Completed 200 OK in 39ms (Views: 37.0ms | ActiveRecord: 0.0ms)


Started GET "/" for ::1 at 2020-03-04 12:03:48 -0800
Processing by StaticPagesController#root as HTML
  Rendering static_pages/root.html.erb within layouts/application
  Rendered static_pages/root.html.erb within layouts/application (0.6ms)
Completed 200 OK in 277ms (Views: 276.0ms | ActiveRecord: 0.0ms)


Started GET "/" for ::1 at 2020-03-04 12:03:50 -0800
Processing by StaticPagesController#root as HTML
  Rendering static_pages/root.html.erb within layouts/application
  Rendered static_pages/root.html.erb within layouts/application (0.2ms)
Completed 200 OK in 14ms (Views: 13.1ms | ActiveRecord: 0.0ms)


Started GET "/" for ::1 at 2020-03-04 12:08:09 -0800
Processing by StaticPagesController#root as HTML
  Rendering static_pages/root.html.erb within layouts/application
  Rendered static_pages/root.html.erb within layouts/application (0.8ms)
Completed 200 OK in 301ms (Views: 300.0ms | ActiveRecord: 0.0ms)


Started GET "/" for ::1 at 2020-03-04 12:08:19 -0800
Processing by StaticPagesController#root as HTML
  Rendering static_pages/root.html.erb within layouts/application
  Rendered static_pages/root.html.erb within layouts/application (0.6ms)
Completed 200 OK in 36ms (Views: 35.0ms | ActiveRecord: 0.0ms)


Started GET "/" for ::1 at 2020-03-04 12:22:57 -0800
Processing by StaticPagesController#root as HTML
  Rendering static_pages/root.html.erb within layouts/application
  Rendered static_pages/root.html.erb within layouts/application (0.3ms)
Completed 200 OK in 14ms (Views: 13.3ms | ActiveRecord: 0.0ms)


Started GET "/" for ::1 at 2020-03-04 12:58:45 -0800
Processing by StaticPagesController#root as HTML
  Rendering static_pages/root.html.erb within layouts/application
  Rendered static_pages/root.html.erb within layouts/application (0.2ms)
Completed 200 OK in 275ms (Views: 274.3ms | ActiveRecord: 0.0ms)


Started GET "/" for ::1 at 2020-03-04 14:26:50 -0800
Processing by StaticPagesController#root as HTML
  Rendering static_pages/root.html.erb within layouts/application
  Rendered static_pages/root.html.erb within layouts/application (0.5ms)
Completed 200 OK in 261ms (Views: 260.6ms | ActiveRecord: 0.0ms)


Started GET "/" for ::1 at 2020-03-04 14:27:17 -0800
Processing by StaticPagesController#root as HTML
  Rendering static_pages/root.html.erb within layouts/application
  Rendered static_pages/root.html.erb within layouts/application (0.2ms)
Completed 200 OK in 260ms (Views: 258.7ms | ActiveRecord: 0.0ms)


Started GET "/" for ::1 at 2020-03-04 14:30:43 -0800
Processing by StaticPagesController#root as HTML
  Rendering static_pages/root.html.erb within layouts/application
  Rendered static_pages/root.html.erb within layouts/application (0.5ms)
Completed 200 OK in 275ms (Views: 273.6ms | ActiveRecord: 0.0ms)


Started GET "/" for ::1 at 2020-03-04 14:33:29 -0800
Processing by StaticPagesController#root as HTML
  Rendering static_pages/root.html.erb within layouts/application
  Rendered static_pages/root.html.erb within layouts/application (0.5ms)
Completed 200 OK in 269ms (Views: 268.2ms | ActiveRecord: 0.0ms)


Started GET "/" for ::1 at 2020-03-04 14:57:47 -0800
Processing by StaticPagesController#root as HTML
  Rendering static_pages/root.html.erb within layouts/application
  Rendered static_pages/root.html.erb within layouts/application (0.2ms)
Completed 200 OK in 258ms (Views: 257.5ms | ActiveRecord: 0.0ms)


Started GET "/" for ::1 at 2020-03-04 15:20:21 -0800
Processing by StaticPagesController#root as HTML
  Rendering static_pages/root.html.erb within layouts/application
  Rendered static_pages/root.html.erb within layouts/application (0.8ms)
Completed 200 OK in 293ms (Views: 292.7ms | ActiveRecord: 0.0ms)


Started GET "/" for ::1 at 2020-03-04 15:22:10 -0800
Processing by StaticPagesController#root as HTML
  Rendering static_pages/root.html.erb within layouts/application
  Rendered static_pages/root.html.erb within layouts/application (0.7ms)
Completed 200 OK in 306ms (Views: 304.5ms | ActiveRecord: 0.0ms)


Started GET "/" for ::1 at 2020-03-04 15:24:17 -0800
Processing by StaticPagesController#root as HTML
  Rendering static_pages/root.html.erb within layouts/application
  Rendered static_pages/root.html.erb within layouts/application (0.7ms)
Completed 200 OK in 273ms (Views: 271.6ms | ActiveRecord: 0.0ms)


Started GET "/" for ::1 at 2020-03-04 15:24:48 -0800
Processing by StaticPagesController#root as HTML
  Rendering static_pages/root.html.erb within layouts/application
  Rendered static_pages/root.html.erb within layouts/application (0.2ms)
Completed 200 OK in 247ms (Views: 247.0ms | ActiveRecord: 0.0ms)


Started GET "/" for ::1 at 2020-03-04 15:24:50 -0800
Processing by StaticPagesController#root as HTML
  Rendering static_pages/root.html.erb within layouts/application
  Rendered static_pages/root.html.erb within layouts/application (0.6ms)
Completed 200 OK in 32ms (Views: 30.6ms | ActiveRecord: 0.0ms)


Started GET "/" for ::1 at 2020-03-04 15:27:03 -0800
Processing by StaticPagesController#root as HTML
  Rendering static_pages/root.html.erb within layouts/application
  Rendered static_pages/root.html.erb within layouts/application (0.6ms)
Completed 200 OK in 277ms (Views: 275.1ms | ActiveRecord: 0.0ms)


Started GET "/" for ::1 at 2020-03-04 15:28:20 -0800
Processing by StaticPagesController#root as HTML
  Rendering static_pages/root.html.erb within layouts/application
  Rendered static_pages/root.html.erb within layouts/application (0.3ms)
Completed 200 OK in 244ms (Views: 243.3ms | ActiveRecord: 0.0ms)


Started GET "/" for ::1 at 2020-03-04 15:30:42 -0800
Processing by StaticPagesController#root as HTML
  Rendering static_pages/root.html.erb within layouts/application
  Rendered static_pages/root.html.erb within layouts/application (0.3ms)
Completed 200 OK in 253ms (Views: 253.0ms | ActiveRecord: 0.0ms)


Started POST "/api/user" for ::1 at 2020-03-04 15:30:51 -0800
Processing by Api::UsersController#create as */*
  Parameters: {"user"=>{"username"=>"", "email"=>"bradnelson333@gmail.com", "password"=>"[FILTERED]"}, "formats"=>:json}
Completed 500 Internal Server Error in 238ms (ActiveRecord: 12.5ms)



NameError - undefined local variable or method `new_session_token' for #<User:0x00007fb6ddee3ab8>:
  app/models/user.rb:51:in `generate_unique_session_token'
  app/models/user.rb:47:in `ensure_session_token'
  app/controllers/api/users_controller.rb:4:in `create'

Started POST "/api/user" for ::1 at 2020-03-04 16:15:07 -0800
Processing by Api::UsersController#create as */*
  Parameters: {"user"=>{"username"=>"", "email"=>"bradnelson333@gmail.com", "password"=>"[FILTERED]"}, "formats"=>:json}
Completed 500 Internal Server Error in 196ms (ActiveRecord: 0.0ms)



NameError - undefined local variable or method `new_session_token' for #<User:0x00007fb6ddae3f58>:
  app/models/user.rb:51:in `generate_unique_session_token'
  app/models/user.rb:47:in `ensure_session_token'
  app/controllers/api/users_controller.rb:4:in `create'

Started GET "/" for ::1 at 2020-03-04 16:15:26 -0800
Processing by StaticPagesController#root as HTML
  Rendering static_pages/root.html.erb within layouts/application
  Rendered static_pages/root.html.erb within layouts/application (0.7ms)
Completed 200 OK in 273ms (Views: 271.2ms | ActiveRecord: 0.0ms)


